#
# There is insufficient memory for the Java Runtime Environment to continue.
# Native memory allocation (mmap) failed to map 257949696 bytes for G1 virtual space
# Possible reasons:
#   The system is out of physical RAM or swap space
#   The process is running with CompressedOops enabled, and the Java Heap may be blocking the growth of the native heap
# Possible solutions:
#   Reduce memory load on the system
#   Increase physical memory or swap space
#   Check if swap backing store is full
#   Decrease Java heap size (-Xmx/-Xms)
#   Decrease number of Java threads
#   Decrease Java thread stack sizes (-Xss)
#   Set larger code cache with -XX:ReservedCodeCacheSize=
#   JVM is running with Zero Based Compressed Oops mode in which the Java heap is
#     placed in the first 32GB address space. The Java Heap base address is the
#     maximum limit for the native heap growth. Please use -XX:HeapBaseMinAddress
#     to set the Java Heap base and to place the Java Heap above 32GB virtual address.
# This output file may be truncated or incomplete.
#
#  Out of Memory Error (os_windows.cpp:3769), pid=13684, tid=22708
#
# JRE version:  (17.0.6) (build )
# Java VM: OpenJDK 64-Bit Server VM (17.0.6+0-b2043.56-9586694, mixed mode, sharing, tiered, compressed oops, compressed class ptrs, g1 gc, windows-amd64)
# No core dump will be written. Minidumps are not enabled by default on client versions of Windows
#

---------------  S U M M A R Y ------------

Command Line: org.jetbrains.kotlin.cli.jvm.K2JVMCompiler @C:\Android\Projects\university\UnitedUkraine\app\build\20230601_6105038901369251313.compiler.options

Host: AMD Ryzen 7 5700U with Radeon Graphics         , 16 cores, 15G,  Windows 10 , 64 bit Build 19041 (10.0.19041.1503)
Time: Thu Jun  1 15:12:18 2023  Windows 10 , 64 bit Build 19041 (10.0.19041.1503) elapsed time: 0.011819 seconds (0d 0h 0m 0s)

---------------  T H R E A D  ---------------

Current thread (0x000001556246a1f0):  JavaThread "Unknown thread" [_thread_in_vm, id=22708, stack(0x0000000b6e900000,0x0000000b6ea00000)]

Stack: [0x0000000b6e900000,0x0000000b6ea00000]
Native frames: (J=compiled Java code, j=interpreted, Vv=VM code, C=native code)
V  [jvm.dll+0x683b4a]
V  [jvm.dll+0x842654]
V  [jvm.dll+0x843dfe]
V  [jvm.dll+0x844463]
V  [jvm.dll+0x249b75]
V  [jvm.dll+0x680a19]
V  [jvm.dll+0x674f0a]
V  [jvm.dll+0x309acb]
V  [jvm.dll+0x310f86]
V  [jvm.dll+0x3608ee]
V  [jvm.dll+0x360b1f]
V  [jvm.dll+0x2dfbf8]
V  [jvm.dll+0x2e0b64]
V  [jvm.dll+0x813f41]
V  [jvm.dll+0x36e6a1]
V  [jvm.dll+0x7f347c]
V  [jvm.dll+0x3f0e8f]
V  [jvm.dll+0x3f29d1]
C  [jli.dll+0x526b]
C  [ucrtbase.dll+0x21bb2]
C  [KERNEL32.DLL+0x17034]
C  [ntdll.dll+0x52651]


---------------  P R O C E S S  ---------------

Threads class SMR info:
_java_thread_list=0x00007ff98c80c058, length=0, elements={
}

Java Threads: ( => current thread )

Other Threads:
  0x00000155624d3f50 GCTaskThread "GC Thread#0" [stack: 0x0000000b6ea00000,0x0000000b6eb00000] [id=21452]
  0x00000155624e4420 ConcurrentGCThread "G1 Main Marker" [stack: 0x0000000b6eb00000,0x0000000b6ec00000] [id=20988]
  0x00000155624e4e30 ConcurrentGCThread "G1 Conc#0" [stack: 0x0000000b6ec00000,0x0000000b6ed00000] [id=16292]

[error occurred during error reporting (printing all threads), id 0xc0000005, EXCEPTION_ACCESS_VIOLATION (0xc0000005) at pc=0x00007ff98bfc0797]

VM state: not at safepoint (not fully initialized)

VM Mutex/Monitor currently owned by a thread:  ([mutex/lock_event])
[0x0000015562457c30] Heap_lock - owner thread: 0x000001556246a1f0

Heap address: 0x000000070a600000, size: 3930 MB, Compressed Oops mode: Zero based, Oop shift amount: 3

CDS archive(s) mapped at: [0x0000000000000000-0x0000000000000000-0x0000000000000000), size 0, SharedBaseAddress: 0x0000000800000000, ArchiveRelocationMode: 0.
Narrow klass base: 0x0000000000000000, Narrow klass shift: 0, Narrow klass range: 0x0

GC Precious Log:
<Empty>

Heap:
 garbage-first heap   total 0K, used 0K [0x000000070a600000, 0x0000000800000000)
  region size 2048K, 0 young (0K), 0 survivors (0K)

[error occurred during error reporting (printing heap information), id 0xc0000005, EXCEPTION_ACCESS_VIOLATION (0xc0000005) at pc=0x00007ff98c3ad939]

GC Heap History (0 events):
No events

Dll operation events (1 events):
Event: 0.007 Loaded shared library C:\Program Files\Android\Android Studio\jbr\bin\java.dll

Deoptimization events (0 events):
No events

Classes unloaded (0 events):
No events

Classes redefined (0 events):
No events

Internal exceptions (0 events):
No events

VM Operations (0 events):
No events

Events (0 events):
No events


Dynamic libraries:
0x00007ff671c10000 - 0x00007ff671c1a000 	C:\Program Files\Android\Android Studio\jbr\bin\java.exe
0x00007ffa0c390000 - 0x00007ffa0c585000 	C:\Windows\SYSTEM32\ntdll.dll
0x00007ffa0a620000 - 0x00007ffa0a6de000 	C:\Windows\System32\KERNEL32.DLL
0x00007ffa09eb0000 - 0x00007ffa0a178000 	C:\Windows\System32\KERNELBASE.dll
0x00007ffa09db0000 - 0x00007ffa09eb0000 	C:\Windows\System32\ucrtbase.dll
0x00007ff9f7c40000 - 0x00007ff9f7c57000 	C:\Program Files\Android\Android Studio\jbr\bin\jli.dll
0x00007ff9f7ae0000 - 0x00007ff9f7afb000 	C:\Program Files\Android\Android Studio\jbr\bin\VCRUNTIME140.dll
0x00007ffa0b3a0000 - 0x00007ffa0b540000 	C:\Windows\System32\USER32.dll
0x00007ff9f0c30000 - 0x00007ff9f0eca000 	C:\Windows\WinSxS\amd64_microsoft.windows.common-controls_6595b64144ccf1df_6.0.19041.1110_none_60b5254171f9507e\COMCTL32.dll
0x00007ffa09bf0000 - 0x00007ffa09c12000 	C:\Windows\System32\win32u.dll
0x00007ffa0aca0000 - 0x00007ffa0ad3e000 	C:\Windows\System32\msvcrt.dll
0x00007ffa0b1b0000 - 0x00007ffa0b1db000 	C:\Windows\System32\GDI32.dll
0x00007ffa0a180000 - 0x00007ffa0a28d000 	C:\Windows\System32\gdi32full.dll
0x00007ffa09aa0000 - 0x00007ffa09b3d000 	C:\Windows\System32\msvcp_win.dll
0x00007ffa0b9c0000 - 0x00007ffa0b9f0000 	C:\Windows\System32\IMM32.DLL
0x00007ffa05290000 - 0x00007ffa0529c000 	C:\Program Files\Android\Android Studio\jbr\bin\vcruntime140_1.dll
0x00007ff9d8520000 - 0x00007ff9d85ad000 	C:\Program Files\Android\Android Studio\jbr\bin\msvcp140.dll
0x00007ff98bcd0000 - 0x00007ff98c93d000 	C:\Program Files\Android\Android Studio\jbr\bin\server\jvm.dll
0x00007ffa0b1e0000 - 0x00007ffa0b28e000 	C:\Windows\System32\ADVAPI32.dll
0x00007ffa0ad40000 - 0x00007ffa0addc000 	C:\Windows\System32\sechost.dll
0x00007ffa0bad0000 - 0x00007ffa0bbf5000 	C:\Windows\System32\RPCRT4.dll
0x00007ff9edad0000 - 0x00007ff9edad9000 	C:\Windows\SYSTEM32\WSOCK32.dll
0x00007ffa0b010000 - 0x00007ffa0b07b000 	C:\Windows\System32\WS2_32.dll
0x00007ff9ffe70000 - 0x00007ff9ffe97000 	C:\Windows\SYSTEM32\WINMM.dll
0x00007ffa02bc0000 - 0x00007ffa02bca000 	C:\Windows\SYSTEM32\VERSION.dll
0x00007ffa08320000 - 0x00007ffa08332000 	C:\Windows\SYSTEM32\kernel.appcore.dll
0x00007ff9a4a00000 - 0x00007ff9a4a0a000 	C:\Program Files\Android\Android Studio\jbr\bin\jimage.dll
0x00007ffa07930000 - 0x00007ffa07b14000 	C:\Windows\SYSTEM32\DBGHELP.DLL
0x00007ff9efa50000 - 0x00007ff9efa7c000 	C:\Windows\SYSTEM32\dbgcore.DLL
0x00007ffa0a300000 - 0x00007ffa0a382000 	C:\Windows\System32\bcryptPrimitives.dll
0x00007ff9a2410000 - 0x00007ff9a2435000 	C:\Program Files\Android\Android Studio\jbr\bin\java.dll

dbghelp: loaded successfully - version: 4.0.5 - missing functions: none
symbol engine: initialized successfully - sym options: 0x614 - pdb path: .;C:\Program Files\Android\Android Studio\jbr\bin;C:\Windows\SYSTEM32;C:\Windows\WinSxS\amd64_microsoft.windows.common-controls_6595b64144ccf1df_6.0.19041.1110_none_60b5254171f9507e;C:\Program Files\Android\Android Studio\jbr\bin\server

VM Arguments:
java_command: org.jetbrains.kotlin.cli.jvm.K2JVMCompiler @C:\Android\Projects\university\UnitedUkraine\app\build\20230601_6105038901369251313.compiler.options
java_class_path (initial): C:\Users\Олеся\.gradle\caches\modules-2\files-2.1\org.jetbrains.kotlin\kotlin-compiler-embeddable\1.8.20\78d9baa57f65babf9e0a93e51f62f26f5f35ac3e\kotlin-compiler-embeddable-1.8.20.jar;C:\Users\Олеся\.gradle\caches\modules-2\files-2.1\org.jetbrains.kotlin\kotlin-stdlib\1.8.20\e72fc5e03ec6c064c678a6bd0d955c88d55b0c4a\kotlin-stdlib-1.8.20.jar;C:\Users\Олеся\.gradle\caches\modules-2\files-2.1\org.jetbrains.kotlin\kotlin-script-runtime\1.8.20\c850771e723701f9d63dbcf641429c0f29290074\kotlin-script-runtime-1.8.20.jar;C:\Users\Олеся\.gradle\caches\modules-2\files-2.1\org.jetbrains.kotlin\kotlin-reflect\1.6.10\1cbe9c92c12a94eea200d23c2bbaedaf3daf5132\kotlin-reflect-1.6.10.jar;C:\Users\Олеся\.gradle\caches\modules-2\files-2.1\org.jetbrains.kotlin\kotlin-daemon-embeddable\1.8.20\c1b808fbe5fee60bd0504a54778120ef40f383d4\kotlin-daemon-embeddable-1.8.20.jar;C:\Users\Олеся\.gradle\caches\modules-2\files-2.1\org.jetbrains.intellij.deps\trove4j\1.0.20200330\3afb14d5f9ceb459d724e907a21145e8ff394f02\trove4j-1.0.20200330.jar;C:\Users\Олеся\.gradle\caches\modules-2\files-2.1\net.java.dev.jna\jna\5.6.0\330f2244e9030119ab3030fc3fededc86713d9cc\jna-5.6.0.jar;C:\Users\Олеся\.gradle\caches\modules-2\files-2.1\org.jetbrains.kotlin\kotlin-stdlib-common\1.8.20\5eddaaf234c8c49d03eebeb6a14feb7f90faca71\kotlin-stdlib-common-1.8.20.jar;C:\Users\Олеся\.gradle\caches\modules-2\files-2.1\org.jetbrains\annotations\13.0\919f0dfe192fb4e063e7dacadee7f8bb9a2672a9\annotations-13.0.jar
Launcher Type: SUN_STANDARD

[Global flags]
     intx CICompilerCount                          = 12                                        {product} {ergonomic}
     uint ConcGCThreads                            = 3                                         {product} {ergonomic}
     uint G1ConcRefinementThreads                  = 13                                        {product} {ergonomic}
   size_t G1HeapRegionSize                         = 2097152                                   {product} {ergonomic}
    uintx GCDrainStackTargetSize                   = 64                                        {product} {ergonomic}
   size_t InitialHeapSize                          = 257949696                                 {product} {ergonomic}
   size_t MarkStackSize                            = 4194304                                   {product} {ergonomic}
   size_t MaxHeapSize                              = 4120903680                                {product} {ergonomic}
   size_t MinHeapDeltaBytes                        = 2097152                                   {product} {ergonomic}
   size_t MinHeapSize                              = 8388608                                   {product} {ergonomic}
    uintx NonNMethodCodeHeapSize                   = 7602480                                {pd product} {ergonomic}
    uintx NonProfiledCodeHeapSize                  = 122027880                              {pd product} {ergonomic}
    uintx ProfiledCodeHeapSize                     = 122027880                              {pd product} {ergonomic}
    uintx ReservedCodeCacheSize                    = 251658240                              {pd product} {ergonomic}
     bool SegmentedCodeCache                       = true                                      {product} {ergonomic}
   size_t SoftMaxHeapSize                          = 4120903680                             {manageable} {ergonomic}
     bool UseCompressedClassPointers               = true                           {product lp64_product} {ergonomic}
     bool UseCompressedOops                        = true                           {product lp64_product} {ergonomic}
     bool UseG1GC                                  = true                                      {product} {ergonomic}
     bool UseLargePagesIndividualAllocation        = false                                  {pd product} {ergonomic}

Logging:
Log output configuration:
 #0: stdout all=warning uptime,level,tags
 #1: stderr all=off uptime,level,tags

Environment Variables:
PATH=C:\Program Files\Common Files\Oracle\Java\javapath;C:\Windows\system32;C:\Windows;C:\Windows\System32\Wbem;C:\Windows\System32\WindowsPowerShell\v1.0\;C:\Windows\System32\OpenSSH\;C:\Program Files\nodejs\;C:\Program Files\Git\cmd;C:\Android\platforms;C:\Android\platform-tools;C:\Program Files\dotnet\;C:\Program Files\MySQL\MySQL Shell 8.0\bin\;C:\Users\Олеся\AppData\Local\Programs\Python\Python311;C:\Users\Олеся\AppData\Local\Programs\Python\Python311\Scripts;C:\Program Files (x86)\Nmap;C:\Users\Олеся\AppData\Local\Programs\Microsoft VS Code\bin;C:\Users\Олеся\.dotnet\tools
USERNAME=Olesia
OS=Windows_NT
PROCESSOR_IDENTIFIER=AMD64 Family 23 Model 104 Stepping 1, AuthenticAMD
TMP=C:\Users\F33C~1\AppData\Local\Temp
TEMP=C:\Users\F33C~1\AppData\Local\Temp



---------------  S Y S T E M  ---------------

OS:
 Windows 10 , 64 bit Build 19041 (10.0.19041.1503)
OS uptime: 4 days 3:29 hours

CPU: total 16 (initial active 16) (16 cores per cpu, 2 threads per core) family 23 model 104 stepping 1 microcode 0x0, cx8, cmov, fxsr, ht, mmx, 3dnowpref, sse, sse2, sse3, ssse3, sse4a, sse4.1, sse4.2, popcnt, lzcnt, tsc, tscinvbit, avx, avx2, aes, clmul, bmi1, bmi2, adx, sha, fma, vzeroupper, clflush, clflushopt

Memory: 4k page, system-wide physical 15713M (2438M free)
TotalPageFile size 64865M (AvailPageFile size 125M)
current process WorkingSet (physical memory assigned to process): 10M, peak: 10M
current process commit charge ("private bytes"): 70M, peak: 316M

vm_info: OpenJDK 64-Bit Server VM (17.0.6+0-b2043.56-9586694) for windows-amd64 JRE (17.0.6+0-b2043.56-9586694), built on Feb  9 2023 20:06:20 by "androidbuild" with MS VC++ 16.10 / 16.11 (VS2019)

END.
